[18:50:43][no_game_date][equipment_graphic_database.cpp:36]: GFX referenced in equipment graphic database does not exist: "GFX_USA_destroyer_0_medium", associated with USA ship_hull_light_4
[18:50:43][no_game_date][equipment_graphic_database.cpp:59]: Entity referenced in equipment graphic database does not exist: "USA_destroyer_entity", associated with USA ship_hull_light_4
[18:50:43][no_game_date][equipment_graphic_database.cpp:36]: GFX referenced in equipment graphic database does not exist: "GFX_USA_destroyer_0_medium", associated with USA ship_hull_light_4
[18:50:43][no_game_date][equipment_graphic_database.cpp:36]: GFX referenced in equipment graphic database does not exist: "GFX_USA_destroyer_0_medium", associated with USA ship_hull_light_3
[18:50:43][no_game_date][equipment_graphic_database.cpp:59]: Entity referenced in equipment graphic database does not exist: "USA_destroyer_entity", associated with USA ship_hull_light_3
[18:50:43][no_game_date][equipment_graphic_database.cpp:36]: GFX referenced in equipment graphic database does not exist: "GFX_USA_destroyer_0_medium", associated with USA ship_hull_light_3
[18:50:43][no_game_date][equipment_graphic_database.cpp:36]: GFX referenced in equipment graphic database does not exist: "GFX_USA_destroyer_0_medium", associated with USA ship_hull_light_2
[18:50:43][no_game_date][equipment_graphic_database.cpp:59]: Entity referenced in equipment graphic database does not exist: "USA_destroyer_entity", associated with USA ship_hull_light_2
[18:50:43][no_game_date][equipment_graphic_database.cpp:36]: GFX referenced in equipment graphic database does not exist: "GFX_USA_destroyer_0_medium", associated with USA ship_hull_light_2
[18:50:43][no_game_date][equipment_graphic_database.cpp:36]: GFX referenced in equipment graphic database does not exist: "GFX_USA_destroyer_0_medium", associated with USA ship_hull_light_1
[18:50:43][no_game_date][equipment_graphic_database.cpp:59]: Entity referenced in equipment graphic database does not exist: "USA_destroyer_entity", associated with USA ship_hull_light_1
[18:50:43][no_game_date][equipment_graphic_database.cpp:36]: GFX referenced in equipment graphic database does not exist: "GFX_USA_destroyer_0_medium", associated with USA ship_hull_light_1
[18:50:43][no_game_date][equipment_graphic_database.cpp:36]: GFX referenced in equipment graphic database does not exist: "GFX_USA_prototype_plane_0_medium", associated with USA jet_tac_bomber_equipment
[18:50:43][no_game_date][equipment_graphic_database.cpp:59]: Entity referenced in equipment graphic database does not exist: "USA_destroyer_entity", associated with USA ship_hull_light
[18:50:43][no_game_date][equipment_graphic_database.cpp:59]: Entity referenced in equipment graphic database does not exist: "USA_destroyer_1_entity", associated with USA ship_hull_light
[18:50:43][no_game_date][equipment_graphic_database.cpp:59]: Entity referenced in equipment graphic database does not exist: "USA_destroyer_entity", associated with USA ship_hull_light
[18:50:43][no_game_date][equipment_graphic_database.cpp:36]: GFX referenced in equipment graphic database does not exist: "GFX_USA_prototype_plane_0_medium", associated with USA jet_strat_bomber_equipment
[18:50:43][no_game_date][equipment_graphic_database.cpp:36]: GFX referenced in equipment graphic database does not exist: "GFX_JAP_destroyer_0_medium", associated with JAP ship_hull_light_4
[18:50:43][no_game_date][equipment_graphic_database.cpp:36]: GFX referenced in equipment graphic database does not exist: "GFX_JAP_destroyer_0_medium", associated with JAP ship_hull_light_3
[18:50:43][no_game_date][equipment_graphic_database.cpp:36]: GFX referenced in equipment graphic database does not exist: "GFX_JAP_destroyer_0_medium", associated with JAP ship_hull_light_2
[18:50:43][no_game_date][equipment_graphic_database.cpp:36]: GFX referenced in equipment graphic database does not exist: "GFX_JAP_destroyer_0_medium", associated with JAP ship_hull_light_1
[18:50:43][no_game_date][equipment_graphic_database.cpp:36]: GFX referenced in equipment graphic database does not exist: "GFX_AST_destroyer_0_medium", associated with AST ship_hull_light_4
[18:50:43][no_game_date][equipment_graphic_database.cpp:36]: GFX referenced in equipment graphic database does not exist: "GFX_AST_destroyer_0_medium", associated with AST ship_hull_light_3
[18:50:43][no_game_date][equipment_graphic_database.cpp:36]: GFX referenced in equipment graphic database does not exist: "GFX_AST_destroyer_0_medium", associated with AST ship_hull_light_2
[18:50:43][no_game_date][equipment_graphic_database.cpp:36]: GFX referenced in equipment graphic database does not exist: "GFX_AST_destroyer_0_medium", associated with AST ship_hull_light_1
[18:50:43][no_game_date][equipment_graphic_database.cpp:36]: GFX referenced in equipment graphic database does not exist: "GFX_ARG_iw_small_airframe_medium", associated with AUS cv_small_plane_cas_airframe
[18:50:43][no_game_date][equipment_graphic_database.cpp:36]: GFX referenced in equipment graphic database does not exist: "GFX_ARG_basic_small_airframe_medium", associated with AUS cv_small_plane_cas_airframe
[18:50:43][no_game_date][equipment_graphic_database.cpp:36]: GFX referenced in equipment graphic database does not exist: "GFX_ARG_improved_small_airframe_medium", associated with AUS cv_small_plane_cas_airframe
[18:50:43][no_game_date][equipment_graphic_database.cpp:36]: GFX referenced in equipment graphic database does not exist: "GFX_ARG_advanced_small_airframe_medium", associated with AUS cv_small_plane_cas_airframe
[18:50:43][no_game_date][equipment_graphic_database.cpp:36]: GFX referenced in equipment graphic database does not exist: "GFX_ARG_modern_small_airframe_medium", associated with AUS cv_small_plane_cas_airframe
[18:50:52][1936.01.01.12][effect.cpp:439]: Invalid effect 'IRQ_kamil_shabib' in history/countries/IRQ - Iraq.txt line : 110
[18:50:52][1936.01.01.12][effect.cpp:352]: Error: "Unknown effect-type: IRQ_kamil_shabib, near line: 110" in file: "history/countries/IRQ - Iraq.txt" near line: 121
[18:51:07][1936.01.01.12][containerwindow.cpp:1944]: interface/frontendgamesetupview.gui(line 1467): Could not find "background" element #1 in window "difficulty_setting_item".
[18:51:07][1936.01.01.12][containerwindow.cpp:1944]: interface/frontendgamesetupview.gui(line 1467): Could not find "background" element #1 in window "difficulty_setting_item".
[18:51:07][1936.01.01.12][containerwindow.cpp:1944]: interface/frontendgamesetupview.gui(line 1467): Could not find "background" element #1 in window "difficulty_setting_item".
[18:51:07][1936.01.01.12][containerwindow.cpp:1944]: interface/frontendgamesetupview.gui(line 1467): Could not find "background" element #1 in window "difficulty_setting_item".
[18:51:07][1936.01.01.12][containerwindow.cpp:1944]: interface/frontendgamesetupview.gui(line 1467): Could not find "background" element #1 in window "difficulty_setting_item".
[18:51:07][1936.01.01.12][containerwindow.cpp:1944]: interface/frontendgamesetupview.gui(line 1467): Could not find "background" element #1 in window "difficulty_setting_item".
[18:51:07][1936.01.01.12][containerwindow.cpp:1944]: interface/frontendgamesetupview.gui(line 1467): Could not find "background" element #1 in window "difficulty_setting_item".
[18:51:07][1936.01.01.12][containerwindow.cpp:1944]: interface/frontendgamesetupview.gui(line 1467): Could not find "background" element #1 in window "difficulty_setting_item".
[18:51:11][1936.01.01.12][scopedvariable.cpp:345]: mio:CHL_famae_organization was not found in country scope CHL
[18:51:11][1936.01.01.12][effect.cpp:802]: history/units/CHL_1936.txt:84: add_equipment_production: industrial_manufacturer is set but no MIO has been found
[18:51:11][1936.01.01.12][scopedvariable.cpp:345]: mio:RAJ_ammunition_factory_khadki_organization was not found in country scope RAJ
[18:51:11][1936.01.01.12][effect.cpp:802]: history/units/RAJ_1936.txt:169: add_equipment_production: industrial_manufacturer is set but no MIO has been found
